[0.030s] Invoking command in '/home/yahboom/TE3003B/build/sensor_fusion': CMAKE_PREFIX_PATH=${CMAKE_PREFIX_PATH}:/home/yahboom/TE3003B/workspace/install/simulation:/home/yahboom/dev_ws/install/yahboomcar_rviz:/home/yahboom/dev_ws/install/yahboomcar_nav:/home/yahboom/dev_ws/install/yahboomcar_multi:/home/yahboom/dev_ws/install/yahboomcar_description:/home/yahboom/yahboomcar_ros2_ws/yahboomcar_ws/install/yahboomcar_voice_ctrl:/home/yahboom/yahboomcar_ros2_ws/yahboomcar_ws/install/yahboomcar_visual:/home/yahboom/yahboomcar_ros2_ws/yahboomcar_ws/install/yahboomcar_nav:/home/yahboom/yahboomcar_ros2_ws/yahboomcar_ws/install/yahboomcar_mediapipe:/home/yahboom/yahboomcar_ros2_ws/yahboomcar_ws/install/yahboomcar_linefollow:/home/yahboom/yahboomcar_ros2_ws/yahboomcar_ws/install/yahboomcar_laser:/home/yahboom/yahboomcar_ros2_ws/yahboomcar_ws/install/yahboomcar_description_x1:/home/yahboom/yahboomcar_ros2_ws/yahboomcar_ws/install/yahboomcar_description:/home/yahboom/yahboomcar_ros2_ws/yahboomcar_ws/install/yahboomcar_ctrl:/home/yahboom/yahboomcar_ros2_ws/yahboomcar_ws/install/yahboomcar_bringup:/home/yahboom/yahboomcar_ros2_ws/yahboomcar_ws/install/yahboomcar_astra:/home/yahboom/yahboomcar_ros2_ws/yahboomcar_ws/install/robot_pose_publisher:/home/yahboom/yahboomcar_ros2_ws/yahboomcar_ws/install/laserscan_to_point_pulisher:/opt/ros/foxy /usr/bin/cmake --build /home/yahboom/TE3003B/build/sensor_fusion -- -j4 -l4
[0.123s] [35m[1mScanning dependencies of target sensor_fusion[0m
[0.178s] [ 50%] [32mBuilding CXX object CMakeFiles/sensor_fusion.dir/src/extended_kalman_filter.cpp.o[0m
[0.178s] [ 50%] [32mBuilding CXX object CMakeFiles/sensor_fusion.dir/src/sensor_fusion.cpp.o[0m
[0.405s] [01m[K/home/yahboom/TE3003B/workspace/src/sensor_fusion/src/extended_kalman_filter.cpp:14:10:[m[K [01;31m[Kfatal error: [m[Ktf2/utils.hpp: No such file or directory
[0.405s]    14 | #include [01;31m[K"tf2/utils.hpp"[m[K
[0.405s]       |          [01;31m[K^~~~~~~~~~~~~~~[m[K
[0.405s] compilation terminated.
[0.409s] make[2]: *** [CMakeFiles/sensor_fusion.dir/build.make:89: CMakeFiles/sensor_fusion.dir/src/extended_kalman_filter.cpp.o] Error 1
[0.410s] make[2]: *** Waiting for unfinished jobs....
[4.921s] [01m[K/home/yahboom/TE3003B/workspace/src/sensor_fusion/src/sensor_fusion.cpp:[m[K In constructor â€˜[01m[Ksensor_fusion::SensorFusion::SensorFusion()[m[Kâ€™:
[4.921s] [01m[K/home/yahboom/TE3003B/workspace/src/sensor_fusion/src/sensor_fusion.cpp:46:70:[m[K [01;31m[Kerror: [m[Kno matching function for call to â€˜[01m[Ksensor_fusion::SensorFusion::declare_parameter<std::vector<double, std::allocator<double> > >(const char [25])[m[Kâ€™
[4.921s]    46 |     declare_parameter<std::vector<double>>("process_noise_covariance"[01;31m[K)[m[K;
[4.921s]       |                                                                      [01;31m[K^[m[K
[4.921s] In file included from [01m[K/opt/ros/foxy/include/rclcpp/node.hpp:1224[m[K,
[4.921s]                  from [01m[K/opt/ros/foxy/include/rclcpp/executors/single_threaded_executor.hpp:28[m[K,
[4.921s]                  from [01m[K/opt/ros/foxy/include/rclcpp/executors.hpp:22[m[K,
[4.921s]                  from [01m[K/opt/ros/foxy/include/rclcpp/rclcpp.hpp:146[m[K,
[4.921s]                  from [01m[K/home/yahboom/TE3003B/workspace/src/sensor_fusion/include/sensor_fusion/sensor_fusion.h:14[m[K,
[4.921s]                  from [01m[K/home/yahboom/TE3003B/workspace/src/sensor_fusion/src/sensor_fusion.cpp:1[m[K:
[4.921s] [01m[K/opt/ros/foxy/include/rclcpp/node_impl.hpp:157:1:[m[K [01;36m[Knote: [m[Kcandidate: â€˜[01m[Kauto rclcpp::Node::declare_parameter(const string&, const ParameterT&, const ParameterDescriptor&, bool) [with ParameterT = std::vector<double, std::allocator<double> >; std::string = std::__cxx11::basic_string<char>; rcl_interfaces::msg::ParameterDescriptor = rcl_interfaces::msg::ParameterDescriptor_<std::allocator<void> >][m[Kâ€™
[4.921s]   157 | [01;36m[KNode[m[K::declare_parameter(
[4.922s]       | [01;36m[K^~~~[m[K
[4.922s] [01m[K/opt/ros/foxy/include/rclcpp/node_impl.hpp:157:1:[m[K [01;36m[Knote: [m[K  candidate expects 4 arguments, 1 provided
[4.922s] [01m[K/home/yahboom/TE3003B/workspace/src/sensor_fusion/src/sensor_fusion.cpp:47:74:[m[K [01;31m[Kerror: [m[Kno matching function for call to â€˜[01m[Ksensor_fusion::SensorFusion::declare_parameter<std::vector<double, std::allocator<double> > >(const char [29])[m[Kâ€™
[4.922s]    47 |     declare_parameter<std::vector<double>>("observation_noise_covariance"[01;31m[K)[m[K;
[4.922s]       |                                                                          [01;31m[K^[m[K
[4.922s] In file included from [01m[K/opt/ros/foxy/include/rclcpp/node.hpp:1224[m[K,
[4.922s]                  from [01m[K/opt/ros/foxy/include/rclcpp/executors/single_threaded_executor.hpp:28[m[K,
[4.923s]                  from [01m[K/opt/ros/foxy/include/rclcpp/executors.hpp:22[m[K,
[4.923s]                  from [01m[K/opt/ros/foxy/include/rclcpp/rclcpp.hpp:146[m[K,
[4.923s]                  from [01m[K/home/yahboom/TE3003B/workspace/src/sensor_fusion/include/sensor_fusion/sensor_fusion.h:14[m[K,
[4.923s]                  from [01m[K/home/yahboom/TE3003B/workspace/src/sensor_fusion/src/sensor_fusion.cpp:1[m[K:
[4.924s] [01m[K/opt/ros/foxy/include/rclcpp/node_impl.hpp:157:1:[m[K [01;36m[Knote: [m[Kcandidate: â€˜[01m[Kauto rclcpp::Node::declare_parameter(const string&, const ParameterT&, const ParameterDescriptor&, bool) [with ParameterT = std::vector<double, std::allocator<double> >; std::string = std::__cxx11::basic_string<char>; rcl_interfaces::msg::ParameterDescriptor = rcl_interfaces::msg::ParameterDescriptor_<std::allocator<void> >][m[Kâ€™
[4.924s]   157 | [01;36m[KNode[m[K::declare_parameter(
[4.924s]       | [01;36m[K^~~~[m[K
[4.924s] [01m[K/opt/ros/foxy/include/rclcpp/node_impl.hpp:157:1:[m[K [01;36m[Knote: [m[K  candidate expects 4 arguments, 1 provided
[4.927s] [01m[K/home/yahboom/TE3003B/workspace/src/sensor_fusion/src/sensor_fusion.cpp:[m[K In member function â€˜[01m[Kvoid sensor_fusion::SensorFusion::OdometryCallback(nav_msgs::msg::Odometry_<std::allocator<void> >::SharedPtr)[m[Kâ€™:
[4.927s] [01m[K/home/yahboom/TE3003B/workspace/src/sensor_fusion/src/sensor_fusion.cpp:59:10:[m[K [01;31m[Kerror: [m[Kâ€˜[01m[Kscoped_lock[m[Kâ€™ is not a member of â€˜[01m[Kstd[m[Kâ€™
[4.927s]    59 |     std::[01;31m[Kscoped_lock[m[K<std::mutex> sl{mutex_};
[4.927s]       |          [01;31m[K^~~~~~~~~~~[m[K
[4.927s] [01m[K/home/yahboom/TE3003B/workspace/src/sensor_fusion/src/sensor_fusion.cpp:59:10:[m[K [01;36m[Knote: [m[Kâ€˜[01m[Kstd::scoped_lock[m[Kâ€™ is only available from C++17 onwards
[4.927s] [01m[K/home/yahboom/TE3003B/workspace/src/sensor_fusion/src/sensor_fusion.cpp:59:32:[m[K [01;31m[Kerror: [m[Kexpected primary-expression before â€˜[01m[K>[m[Kâ€™ token
[4.927s]    59 |     std::scoped_lock<std::mutex[01;31m[K>[m[K sl{mutex_};
[4.928s]       |                                [01;31m[K^[m[K
[4.929s] [01m[K/home/yahboom/TE3003B/workspace/src/sensor_fusion/src/sensor_fusion.cpp:59:34:[m[K [01;31m[Kerror: [m[Kâ€˜[01m[Ksl[m[Kâ€™ was not declared in this scope
[4.929s]    59 |     std::scoped_lock<std::mutex> [01;31m[Ksl[m[K{mutex_};
[4.929s]       |                                  [01;31m[K^~[m[K
[4.950s] [01m[K/home/yahboom/TE3003B/workspace/src/sensor_fusion/src/sensor_fusion.cpp:[m[K In member function â€˜[01m[Kvoid sensor_fusion::SensorFusion::LidarCallback(geometry_msgs::msg::PoseStamped_<std::allocator<void> >::SharedPtr)[m[Kâ€™:
[4.950s] [01m[K/home/yahboom/TE3003B/workspace/src/sensor_fusion/src/sensor_fusion.cpp:65:10:[m[K [01;31m[Kerror: [m[Kâ€˜[01m[Kscoped_lock[m[Kâ€™ is not a member of â€˜[01m[Kstd[m[Kâ€™
[4.951s]    65 |     std::[01;31m[Kscoped_lock[m[K<std::mutex> sl{mutex_};
[4.951s]       |          [01;31m[K^~~~~~~~~~~[m[K
[4.951s] [01m[K/home/yahboom/TE3003B/workspace/src/sensor_fusion/src/sensor_fusion.cpp:65:10:[m[K [01;36m[Knote: [m[Kâ€˜[01m[Kstd::scoped_lock[m[Kâ€™ is only available from C++17 onwards
[4.951s] [01m[K/home/yahboom/TE3003B/workspace/src/sensor_fusion/src/sensor_fusion.cpp:65:32:[m[K [01;31m[Kerror: [m[Kexpected primary-expression before â€˜[01m[K>[m[Kâ€™ token
[4.951s]    65 |     std::scoped_lock<std::mutex[01;31m[K>[m[K sl{mutex_};
[4.951s]       |                                [01;31m[K^[m[K
[4.955s] [01m[K/home/yahboom/TE3003B/workspace/src/sensor_fusion/src/sensor_fusion.cpp:65:34:[m[K [01;31m[Kerror: [m[Kâ€˜[01m[Ksl[m[Kâ€™ was not declared in this scope
[4.955s]    65 |     std::scoped_lock<std::mutex> [01;31m[Ksl[m[K{mutex_};
[4.955s]       |                                  [01;31m[K^~[m[K
[4.958s] [01m[K/home/yahboom/TE3003B/workspace/src/sensor_fusion/src/sensor_fusion.cpp:[m[K In member function â€˜[01m[Kvoid sensor_fusion::SensorFusion::FusedSensorsCallback()[m[Kâ€™:
[4.958s] [01m[K/home/yahboom/TE3003B/workspace/src/sensor_fusion/src/sensor_fusion.cpp:79:10:[m[K [01;31m[Kerror: [m[Kâ€˜[01m[Kscoped_lock[m[Kâ€™ is not a member of â€˜[01m[Kstd[m[Kâ€™
[4.958s]    79 |     std::[01;31m[Kscoped_lock[m[K<std::mutex> sl{mutex_};
[4.958s]       |          [01;31m[K^~~~~~~~~~~[m[K
[4.958s] [01m[K/home/yahboom/TE3003B/workspace/src/sensor_fusion/src/sensor_fusion.cpp:79:10:[m[K [01;36m[Knote: [m[Kâ€˜[01m[Kstd::scoped_lock[m[Kâ€™ is only available from C++17 onwards
[4.959s] [01m[K/home/yahboom/TE3003B/workspace/src/sensor_fusion/src/sensor_fusion.cpp:79:32:[m[K [01;31m[Kerror: [m[Kexpected primary-expression before â€˜[01m[K>[m[Kâ€™ token
[4.959s]    79 |     std::scoped_lock<std::mutex[01;31m[K>[m[K sl{mutex_};
[4.959s]       |                                [01;31m[K^[m[K
[4.960s] [01m[K/home/yahboom/TE3003B/workspace/src/sensor_fusion/src/sensor_fusion.cpp:79:34:[m[K [01;31m[Kerror: [m[Kâ€˜[01m[Ksl[m[Kâ€™ was not declared in this scope
[4.960s]    79 |     std::scoped_lock<std::mutex> [01;31m[Ksl[m[K{mutex_};
[4.960s]       |                                  [01;31m[K^~[m[K
[10.799s] make[2]: *** [CMakeFiles/sensor_fusion.dir/build.make:63: CMakeFiles/sensor_fusion.dir/src/sensor_fusion.cpp.o] Error 1
[10.800s] make[1]: *** [CMakeFiles/Makefile2:78: CMakeFiles/sensor_fusion.dir/all] Error 2
[10.803s] make: *** [Makefile:141: all] Error 2
[10.808s] Invoked command in '/home/yahboom/TE3003B/build/sensor_fusion' returned '2': CMAKE_PREFIX_PATH=${CMAKE_PREFIX_PATH}:/home/yahboom/TE3003B/workspace/install/simulation:/home/yahboom/dev_ws/install/yahboomcar_rviz:/home/yahboom/dev_ws/install/yahboomcar_nav:/home/yahboom/dev_ws/install/yahboomcar_multi:/home/yahboom/dev_ws/install/yahboomcar_description:/home/yahboom/yahboomcar_ros2_ws/yahboomcar_ws/install/yahboomcar_voice_ctrl:/home/yahboom/yahboomcar_ros2_ws/yahboomcar_ws/install/yahboomcar_visual:/home/yahboom/yahboomcar_ros2_ws/yahboomcar_ws/install/yahboomcar_nav:/home/yahboom/yahboomcar_ros2_ws/yahboomcar_ws/install/yahboomcar_mediapipe:/home/yahboom/yahboomcar_ros2_ws/yahboomcar_ws/install/yahboomcar_linefollow:/home/yahboom/yahboomcar_ros2_ws/yahboomcar_ws/install/yahboomcar_laser:/home/yahboom/yahboomcar_ros2_ws/yahboomcar_ws/install/yahboomcar_description_x1:/home/yahboom/yahboomcar_ros2_ws/yahboomcar_ws/install/yahboomcar_description:/home/yahboom/yahboomcar_ros2_ws/yahboomcar_ws/install/yahboomcar_ctrl:/home/yahboom/yahboomcar_ros2_ws/yahboomcar_ws/install/yahboomcar_bringup:/home/yahboom/yahboomcar_ros2_ws/yahboomcar_ws/install/yahboomcar_astra:/home/yahboom/yahboomcar_ros2_ws/yahboomcar_ws/install/robot_pose_publisher:/home/yahboom/yahboomcar_ros2_ws/yahboomcar_ws/install/laserscan_to_point_pulisher:/opt/ros/foxy /usr/bin/cmake --build /home/yahboom/TE3003B/build/sensor_fusion -- -j4 -l4
